{
  "created": 1705144010.3019724,
  "duration": 0.9757823944091797,
  "exitcode": 1,
  "root": "i:\\PYTHON\\catester\\catester",
  "environment": {},
  "summary": {
    "failed": 1,
    "passed": 4,
    "total": 5,
    "collected": 5
  },
  "collectors": [
    {
      "nodeid": "",
      "outcome": "passed",
      "result": [
        {
          "nodeid": "model/__init__.py",
          "type": "Package"
        },
        {
          "nodeid": "tests/__init__.py",
          "type": "Package"
        }
      ]
    },
    {
      "nodeid": "model/__init__.py",
      "outcome": "passed",
      "result": []
    },
    {
      "nodeid": "tests/test_class.py::CodeabilityPythonTest",
      "outcome": "passed",
      "result": [
        {
          "nodeid": "tests/test_class.py::CodeabilityPythonTest::test_entrypoint[testcases0]",
          "type": "Function",
          "lineno": 153
        },
        {
          "nodeid": "tests/test_class.py::CodeabilityPythonTest::test_entrypoint[testcases1]",
          "type": "Function",
          "lineno": 153
        },
        {
          "nodeid": "tests/test_class.py::CodeabilityPythonTest::test_entrypoint[testcases2]",
          "type": "Function",
          "lineno": 153
        },
        {
          "nodeid": "tests/test_class.py::CodeabilityPythonTest::test_entrypoint[testcases3]",
          "type": "Function",
          "lineno": 153
        },
        {
          "nodeid": "tests/test_class.py::CodeabilityPythonTest::test_entrypoint[testcases4]",
          "type": "Function",
          "lineno": 153
        }
      ]
    },
    {
      "nodeid": "tests/test_class.py",
      "outcome": "passed",
      "result": [
        {
          "nodeid": "tests/test_class.py::CodeabilityPythonTest",
          "type": "Class"
        }
      ]
    },
    {
      "nodeid": "tests/__init__.py",
      "outcome": "passed",
      "result": [
        {
          "nodeid": "tests/test_class.py",
          "type": "Module"
        }
      ]
    }
  ],
  "tests": [
    {
      "nodeid": "tests/test_class.py::CodeabilityPythonTest::test_entrypoint[testcases0]",
      "lineno": 153,
      "outcome": "failed",
      "keywords": [
        "test_entrypoint[testcases0]",
        "testcases0",
        "CodeabilityPythonTest",
        "test_class.py",
        "tests/__init__.py",
        "catester"
      ],
      "setup": {
        "duration": 0.0014814999885857105,
        "outcome": "passed",
        "stdout": "setup_class\nsetup_method\n"
      },
      "metadata": {
        "main_name": "Test Basic",
        "main_description": null,
        "sub_name": "var1",
        "testtype": "variable",
        "qualification": "verifyEqual",
        "relative_tolerance": 0,
        "absolute_tolerance": 0,
        "allowed_occuranceRange": null,
        "failure_message": "Some or all tests failed",
        "success_message": "Congratulations! All tests passed",
        "verbosity": null,
        "store_graphics_artefacts": false,
        "competency": null
      },
      "call": {
        "duration": 0.010321799985831603,
        "outcome": "failed",
        "crash": {
          "path": "I:\\PYTHON\\catester\\catester\\tests\\test_class.py",
          "lineno": 274,
          "message": "AssertionError: Variable var1 has incorrect value\nassert 0.30000000000000004 == 0.3 \u00b1 0.0e+00\n  comparison failed\n  Obtained: 0.30000000000000004\n  Expected: 0.3 \u00b1 0.0e+00"
        },
        "traceback": [
          {
            "path": "tests\\test_class.py",
            "lineno": 274,
            "message": "AssertionError"
          }
        ],
        "longrepr": "self = <tests.test_class.CodeabilityPythonTest object at 0x0000020C173F83D0>, request = <FixtureRequest for <Function test_entrypoint[testcases0]>>\nrecord_property = <function record_property.<locals>.append_property at 0x0000020C173F05E0>, monkeymodule = <_pytest.monkeypatch.MonkeyPatch object at 0x0000020C173F8A00>, testcases = (0, 0)\njson_metadata = {'absolute_tolerance': 0, 'allowed_occuranceRange': None, 'competency': None, 'failure_message': 'Some or all tests failed', ...}\n\n    def test_entrypoint(self, request, record_property, monkeymodule, testcases, json_metadata):\n        idx_main, idx_sub = testcases\n    \n        record_property(\"testcases\", testcases)\n        record_property(\"idx_main\", idx_main)\n        record_property(\"idx_sub\", idx_sub)\n        testsuite: CodeAbilityTestSuite = request.config.stash[testsuite_key]\n        specification: CodeAbilitySpecification = request.config.stash[specification_key]\n    \n        main: CodeAbilityTestCollection = testsuite.properties.tests[idx_main]\n        sub: CodeAbilityTest = main.tests[idx_sub]\n    \n        record_property(\"main\", main.entryPoint)\n        #record_property(\"sub\", sub)\n    \n        dir_reference = specification.testInfo.referenceDirectory\n        dir_student = specification.testInfo.studentDirectory\n    \n    \n        ancestors_sub = [sub, main, testsuite.properties]\n        ancestors_main = [main, testsuite.properties]\n    \n        qualification = get_inherited_property(\"qualification\", ancestors_sub, None)\n        relative_tolerance = get_inherited_property(\"relativeTolerance\", ancestors_sub, 0)\n        absolute_tolerance = get_inherited_property(\"absoluteTolerance\", ancestors_sub, 0)\n        allowed_occuranceRange = get_inherited_property(\"allowedOccuranceRange\", ancestors_sub, None)\n        failure_message = get_inherited_property(\"failureMessage\", ancestors_sub, None)\n        success_message = get_inherited_property(\"successMessage\", ancestors_sub, None)\n        verbosity = get_inherited_property(\"verbosity\", ancestors_sub, None)\n    \n        store_graphics_artefacts = get_inherited_property(\"storeGraphicsArtefacts\", ancestors_main, False)\n        competency = get_inherited_property(\"competency\", ancestors_main, None)\n    \n        testtype = main.type\n        file = main.file\n        id = main.id if main.id is not None else str(idx_main + 1)\n    \n        name = sub.name\n        value = sub.value\n        evalString = sub.evalString\n        pattern = sub.pattern\n        countRequirement = sub.countRequirement\n        #options = sub.options\n        #verificationFunction = sub.verificationFunction\n        #json_metadata['sub'] = sub\n        json_metadata['main_name'] = main.name\n        json_metadata['main_description'] = main.description\n        json_metadata['sub_name'] = name\n        json_metadata['testtype'] = testtype\n        json_metadata['qualification'] = qualification\n        json_metadata['relative_tolerance'] = relative_tolerance\n        json_metadata['absolute_tolerance'] = absolute_tolerance\n        json_metadata['allowed_occuranceRange'] = allowed_occuranceRange\n        json_metadata['failure_message'] = failure_message\n        json_metadata['success_message'] = success_message\n        json_metadata['verbosity'] = verbosity\n        json_metadata['store_graphics_artefacts'] = store_graphics_artefacts\n        json_metadata['competency'] = competency\n    \n        #tests = xxxx.config.stash[tests]\n        #pytest.skip(\"Dependency not satisfied\")\n    \n        solution_reference = get_solution(monkeymodule, specification, id, main, Solution.reference, store_graphics_artefacts)\n    \n        start_time = time.time()\n        time.sleep(0.00000001)\n        solution_student = get_solution(monkeymodule, specification, id, main, Solution.student, store_graphics_artefacts)\n        execution_duration = time.time() - start_time\n        record_property(\"execution_duration\", execution_duration)\n    \n        # if test is graphics => get saved graphics object as solution\n        if testtype == \"graphics\":\n            solution_student = solution_student[\"_graphics_object_\"]\n            solution_reference = solution_reference[\"_graphics_object_\"]\n    \n        if testtype in [\"variable\", \"graphics\", \"error\", \"warning\", \"help\"]:\n            # student value\n            if name in solution_student:\n                val_student = solution_student[name]\n            else:\n                # value not found, try eval\n                try:\n                    val_student = eval(name, solution_student)\n                except Exception as e:\n                    raise AssertionError(f\"Variable {name} not found in student namespace\")\n    \n            if qualification == \"verifyEqual\":\n                # reference value\n                if value is not None:\n                    val_reference = value\n                elif evalString is not None:\n                    try:\n                        val_reference = eval(evalString)\n                    except Exception as e:\n                        pytest.skip(reason=\"Evaluation of 'evalString' not possible\")\n                else:\n                    if name in solution_reference:\n                        val_reference = solution_reference[name]\n                    else:\n                        try:\n                            val_reference = eval(name, solution_reference)\n                        except Exception as e:\n                            raise AssertionError(f\"Variable {name} not found in reference namespace\")\n    \n                type_student = type(val_student)\n                type_reference = type(val_reference)\n                assert type_student == type_reference, f\"Variable {name} has incorrect type, expected: {type_reference}, obtained {type_student}\"\n    \n                failure_msg = f\"Variable {name} has incorrect value\"\n                if isinstance(val_student, (str, set, frozenset)):\n                    assert val_student == val_reference, failure_msg\n                elif isinstance(val_student, (DataFrame, Series)):\n                    assert val_student.equals(val_reference), failure_msg\n                elif isinstance(val_student, np.ndarray):\n                    try:\n                        np.testing.assert_allclose(val_student, val_reference, rtol=relative_tolerance, atol=absolute_tolerance)\n                    except AssertionError as e:\n                        raise AssertionError(failure_msg)\n                else:\n                    \"\"\"attention: pytest.approx() does not support nested data structures\"\"\"\n>                   assert val_student == pytest.approx(val_reference, rel=relative_tolerance, abs=absolute_tolerance), failure_msg\nE                   AssertionError: Variable var1 has incorrect value\nE                   assert 0.30000000000000004 == 0.3 \u00b1 0.0e+00\nE                     comparison failed\nE                     Obtained: 0.30000000000000004\nE                     Expected: 0.3 \u00b1 0.0e+00\n\ntests\\test_class.py:274: AssertionError"
      },
      "user_properties": [
        {
          "testcases": [
            0,
            0
          ]
        },
        {
          "idx_main": 0
        },
        {
          "idx_sub": 0
        },
        {
          "main": "Basic.py"
        },
        {
          "execution_duration": 0.01601862907409668
        }
      ],
      "teardown": {
        "duration": 0.000663500017253682,
        "outcome": "passed",
        "stdout": "teardown_method\n"
      }
    },
    {
      "nodeid": "tests/test_class.py::CodeabilityPythonTest::test_entrypoint[testcases1]",
      "lineno": 153,
      "outcome": "passed",
      "keywords": [
        "test_entrypoint[testcases1]",
        "testcases1",
        "CodeabilityPythonTest",
        "test_class.py",
        "tests/__init__.py",
        "catester"
      ],
      "setup": {
        "duration": 0.000701199984177947,
        "outcome": "passed",
        "stdout": "setup_method\n"
      },
      "metadata": {
        "main_name": "Test Basic",
        "main_description": null,
        "sub_name": "var2",
        "testtype": "variable",
        "qualification": "verifyEqual",
        "relative_tolerance": 0,
        "absolute_tolerance": 0,
        "allowed_occuranceRange": null,
        "failure_message": "Some or all tests failed",
        "success_message": "Congratulations! All tests passed",
        "verbosity": null,
        "store_graphics_artefacts": false,
        "competency": null
      },
      "call": {
        "duration": 0.00849840001319535,
        "outcome": "passed"
      },
      "user_properties": [
        {
          "testcases": [
            0,
            1
          ]
        },
        {
          "idx_main": 0
        },
        {
          "idx_sub": 1
        },
        {
          "main": "Basic.py"
        },
        {
          "execution_duration": 0.016077041625976562
        }
      ],
      "teardown": {
        "duration": 0.000562199973501265,
        "outcome": "passed",
        "stdout": "teardown_method\n"
      }
    },
    {
      "nodeid": "tests/test_class.py::CodeabilityPythonTest::test_entrypoint[testcases2]",
      "lineno": 153,
      "outcome": "passed",
      "keywords": [
        "test_entrypoint[testcases2]",
        "testcases2",
        "CodeabilityPythonTest",
        "test_class.py",
        "tests/__init__.py",
        "catester"
      ],
      "setup": {
        "duration": 0.0006422000005841255,
        "outcome": "passed",
        "stdout": "setup_method\n"
      },
      "metadata": {
        "main_name": "Test Basic",
        "main_description": null,
        "sub_name": "var3",
        "testtype": "variable",
        "qualification": "verifyEqual",
        "relative_tolerance": 0,
        "absolute_tolerance": 0,
        "allowed_occuranceRange": null,
        "failure_message": "Some or all tests failed",
        "success_message": "Congratulations! All tests passed",
        "verbosity": null,
        "store_graphics_artefacts": false,
        "competency": null
      },
      "call": {
        "duration": 0.012968000024557114,
        "outcome": "passed"
      },
      "user_properties": [
        {
          "testcases": [
            0,
            2
          ]
        },
        {
          "idx_main": 0
        },
        {
          "idx_sub": 2
        },
        {
          "main": "Basic.py"
        },
        {
          "execution_duration": 0.012259721755981445
        }
      ],
      "teardown": {
        "duration": 0.0005284999788273126,
        "outcome": "passed",
        "stdout": "teardown_method\n"
      }
    },
    {
      "nodeid": "tests/test_class.py::CodeabilityPythonTest::test_entrypoint[testcases3]",
      "lineno": 153,
      "outcome": "passed",
      "keywords": [
        "test_entrypoint[testcases3]",
        "testcases3",
        "CodeabilityPythonTest",
        "test_class.py",
        "tests/__init__.py",
        "catester"
      ],
      "setup": {
        "duration": 0.0007055999885778874,
        "outcome": "passed",
        "stdout": "setup_method\n"
      },
      "metadata": {
        "main_name": "Test Basic",
        "main_description": null,
        "sub_name": "var9[0]",
        "testtype": "variable",
        "qualification": "verifyEqual",
        "relative_tolerance": 0,
        "absolute_tolerance": 0,
        "allowed_occuranceRange": null,
        "failure_message": "Some or all tests failed",
        "success_message": "Congratulations! All tests passed",
        "verbosity": null,
        "store_graphics_artefacts": false,
        "competency": null
      },
      "call": {
        "duration": 0.0020684000046458095,
        "outcome": "passed"
      },
      "user_properties": [
        {
          "testcases": [
            0,
            3
          ]
        },
        {
          "idx_main": 0
        },
        {
          "idx_sub": 3
        },
        {
          "main": "Basic.py"
        },
        {
          "execution_duration": 0.0021283626556396484
        }
      ],
      "teardown": {
        "duration": 0.0006324000132735819,
        "outcome": "passed",
        "stdout": "teardown_method\n"
      }
    },
    {
      "nodeid": "tests/test_class.py::CodeabilityPythonTest::test_entrypoint[testcases4]",
      "lineno": 153,
      "outcome": "passed",
      "keywords": [
        "test_entrypoint[testcases4]",
        "testcases4",
        "CodeabilityPythonTest",
        "test_class.py",
        "tests/__init__.py",
        "catester"
      ],
      "setup": {
        "duration": 0.0006538000016007572,
        "outcome": "passed",
        "stdout": "setup_method\n"
      },
      "metadata": {
        "main_name": "Existance of a file",
        "main_description": null,
        "sub_name": "existance",
        "testtype": "exist",
        "qualification": "verifyEqual",
        "relative_tolerance": 0,
        "absolute_tolerance": 0,
        "allowed_occuranceRange": null,
        "failure_message": "Some or all tests failed",
        "success_message": "Congratulations! All tests passed",
        "verbosity": null,
        "store_graphics_artefacts": false,
        "competency": null
      },
      "call": {
        "duration": 0.011730500002158806,
        "outcome": "passed"
      },
      "user_properties": [
        {
          "testcases": [
            1,
            0
          ]
        },
        {
          "idx_main": 1
        },
        {
          "idx_sub": 0
        },
        {
          "main": null
        },
        {
          "execution_duration": 0.013545989990234375
        }
      ],
      "teardown": {
        "duration": 0.0006508000078611076,
        "outcome": "passed",
        "stdout": "teardown_method\nteardown_class\n"
      }
    }
  ],
  "_duration": 0.9757823944091797,
  "_timestamp": "2024-01-13 12:06:50.301972",
  "_status": "COMPLETED",
  "_result": "ExitCode.TESTS_FAILED",
  "_tests": [
    {
      "name": "Test Basic",
      "variable": "var1",
      "status": "COMPLETED",
      "result": "FAILED",
      "details": "Some or all tests failed"
    },
    {
      "name": "Test Basic",
      "variable": "var2",
      "status": "COMPLETED",
      "result": "PASSED",
      "details": "Congratulations! All tests passed"
    },
    {
      "name": "Test Basic",
      "variable": "var3",
      "status": "COMPLETED",
      "result": "PASSED",
      "details": "Congratulations! All tests passed"
    },
    {
      "name": "Test Basic",
      "variable": "var9[0]",
      "status": "COMPLETED",
      "result": "PASSED",
      "details": "Congratulations! All tests passed"
    },
    {
      "name": "Existance of a file",
      "variable": "existance",
      "status": "COMPLETED",
      "result": "PASSED",
      "details": "Congratulations! All tests passed"
    }
  ]
}