{
  "created": 1704728415.9628363,
  "duration": 1.608290195465088,
  "exitcode": 1,
  "root": "i:\\PYTHON\\catester\\catester",
  "environment": {},
  "summary": {
    "failed": 2,
    "passed": 2,
    "total": 4,
    "collected": 4
  },
  "collectors": [
    {
      "nodeid": "",
      "outcome": "passed",
      "result": [
        {
          "nodeid": "model/__init__.py",
          "type": "Package"
        },
        {
          "nodeid": "tests/__init__.py",
          "type": "Package"
        }
      ]
    },
    {
      "nodeid": "model/__init__.py",
      "outcome": "passed",
      "result": []
    },
    {
      "nodeid": "tests/test_class.py::CodeabilityPythonTest",
      "outcome": "passed",
      "result": [
        {
          "nodeid": "tests/test_class.py::CodeabilityPythonTest::test_entrypoint[testcases0]",
          "type": "Function",
          "lineno": 159
        },
        {
          "nodeid": "tests/test_class.py::CodeabilityPythonTest::test_entrypoint[testcases1]",
          "type": "Function",
          "lineno": 159
        },
        {
          "nodeid": "tests/test_class.py::CodeabilityPythonTest::test_entrypoint[testcases2]",
          "type": "Function",
          "lineno": 159
        },
        {
          "nodeid": "tests/test_class.py::CodeabilityPythonTest::test_entrypoint[testcases3]",
          "type": "Function",
          "lineno": 159
        }
      ]
    },
    {
      "nodeid": "tests/test_class.py",
      "outcome": "passed",
      "result": [
        {
          "nodeid": "tests/test_class.py::CodeabilityPythonTest",
          "type": "Class"
        }
      ]
    },
    {
      "nodeid": "tests/__init__.py",
      "outcome": "passed",
      "result": [
        {
          "nodeid": "tests/test_class.py",
          "type": "Module"
        }
      ]
    }
  ],
  "tests": [
    {
      "nodeid": "tests/test_class.py::CodeabilityPythonTest::test_entrypoint[testcases0]",
      "lineno": 159,
      "outcome": "failed",
      "keywords": [
        "test_entrypoint[testcases0]",
        "testcases0",
        "CodeabilityPythonTest",
        "test_class.py",
        "tests/__init__.py",
        "catester"
      ],
      "setup": {
        "duration": 0.00447369999892544,
        "outcome": "passed",
        "stdout": "setup_class\nsetup_method\n"
      },
      "metadata": {
        "main_name": "graphics",
        "main_description": null,
        "sub_name": "figure(1).axes[0].lines[0]._linestyle",
        "testtype": "graphics",
        "qualification": "verifyEqual",
        "relative_tolerance": 0,
        "absolute_tolerance": 0,
        "allowed_occuranceRange": null,
        "failure_message": null,
        "success_message": null,
        "verbosity": null,
        "store_graphics_artefacts": true,
        "competency": null
      },
      "call": {
        "duration": 0.7187511999982235,
        "outcome": "failed",
        "crash": {
          "path": "i:\\PYTHON\\catester\\catester\\tests\\test_class.py",
          "lineno": 253,
          "message": "AssertionError: Variable figure(1).axes[0].lines[0]._linestyle has incorrect value\nassert '-.' == '--'\n  - --\n  + -."
        },
        "traceback": [
          {
            "path": "tests\\test_class.py",
            "lineno": 253,
            "message": "AssertionError"
          }
        ],
        "longrepr": "self = <tests.test_class.CodeabilityPythonTest object at 0x000001D286077EB0>, monkeymodule = <_pytest.monkeypatch.MonkeyPatch object at 0x000001D2860A8340>\nconfig = {'abs_path_to_yaml': 'i:\\\\PYTHON\\\\catester\\\\examples\\\\ex1', 'specification': CodeAbilitySpecification(testInfo=CodeAbi...ity=None, name='figure(2).axes[0].get_ylabel()', value='y', evalString=None, pattern=None, countRequirement=None)])]))}\ntestcases = (0, 0), json_metadata = {'absolute_tolerance': 0, 'allowed_occuranceRange': None, 'competency': None, 'failure_message': None, ...}\n\n    def test_entrypoint(self, monkeymodule, config, testcases, json_metadata):\n        idx_main, idx_sub = testcases\n    \n        testsuite: CodeAbilityTestSuite = config[\"testsuite\"]\n        specification: CodeAbilitySpecification = config[\"specification\"]\n        abs_path_to_yaml: str = config[\"abs_path_to_yaml\"]\n    \n        main: CodeAbilityTestCollection = testsuite.properties.tests[idx_main]\n        sub: CodeAbilityTest = main.tests[idx_sub]\n    \n        ancestors_sub = [sub, main, testsuite.properties]\n        ancestors_main = [main, testsuite.properties]\n    \n        qualification = get_inherited_property(\"qualification\", ancestors_sub, None)\n        relative_tolerance = get_inherited_property(\"relativeTolerance\", ancestors_sub, 0)\n        absolute_tolerance = get_inherited_property(\"absoluteTolerance\", ancestors_sub, 0)\n        allowed_occuranceRange = get_inherited_property(\"allowedOccuranceRange\", ancestors_sub, None)\n        failure_message = get_inherited_property(\"failureMessage\", ancestors_sub, None)\n        success_message = get_inherited_property(\"successMessage\", ancestors_sub, None)\n        verbosity = get_inherited_property(\"verbosity\", ancestors_sub, None)\n    \n        store_graphics_artefacts = get_inherited_property(\"storeGraphicsArtefacts\", ancestors_main, False)\n        competency = get_inherited_property(\"competency\", ancestors_main, None)\n    \n        testtype = main.type\n        file = main.file\n        id = main.id if main.id is not None else str(idx_main + 1)\n    \n        name = sub.name\n        value = sub.value\n        evalString = sub.evalString\n        pattern = sub.pattern\n        countRequirement = sub.countRequirement\n        #options = sub.options\n        #verificationFunction = sub.verificationFunction\n        #json_metadata['sub'] = sub\n        json_metadata['main_name'] = main.name\n        json_metadata['main_description'] = main.description\n        json_metadata['sub_name'] = name\n        json_metadata['testtype'] = testtype\n        json_metadata['qualification'] = qualification\n        json_metadata['relative_tolerance'] = relative_tolerance\n        json_metadata['absolute_tolerance'] = absolute_tolerance\n        json_metadata['allowed_occuranceRange'] = allowed_occuranceRange\n        json_metadata['failure_message'] = failure_message\n        json_metadata['success_message'] = success_message\n        json_metadata['verbosity'] = verbosity\n        json_metadata['store_graphics_artefacts'] = store_graphics_artefacts\n        json_metadata['competency'] = competency\n    \n        solution_reference = get_solution(monkeymodule, config, id, main, Solution.reference, store_graphics_artefacts)\n        solution_student = get_solution(monkeymodule, config, id, main, Solution.student, store_graphics_artefacts)\n    \n        # if test is graphics => get saved graphics object as solution\n        if testtype == \"graphics\":\n            solution_student = solution_student[\"_graphics_object_\"]\n            solution_reference = solution_reference[\"_graphics_object_\"]\n    \n        if testtype in [\"variable\", \"graphics\", \"error\", \"warning\", \"help\"]:\n            # student value\n            if name in solution_student:\n                val_student = solution_student[name]\n            else:\n                # value not found, try eval\n                try:\n                    val_student = eval(name, solution_student)\n                except Exception as e:\n                    raise AssertionError(f\"Variable {name} not found in student namespace\")\n    \n            if qualification == \"verifyEqual\":\n                # reference value\n                if value is not None:\n                    val_reference = value\n                elif evalString is not None:\n                    try:\n                        val_reference = eval(evalString)\n                    except Exception as e:\n                        pytest.skip(reason=\"Evaluation of 'evalString' not possible\")\n                else:\n                    if name in solution_reference:\n                        val_reference = solution_reference[name]\n                    else:\n                        try:\n                            val_reference = eval(name, solution_reference)\n                        except Exception as e:\n                            raise AssertionError(f\"Variable {name} not found in reference namespace\")\n    \n                type_student = type(val_student)\n                type_reference = type(val_reference)\n                assert type_student == type_reference, f\"Variable {name} has incorrect type, expected: {type_reference}, obtained {type_student}\"\n    \n                failure_msg = f\"Variable {name} has incorrect value\"\n                if isinstance(val_student, (str, set, frozenset)):\n>                   assert val_student == val_reference, failure_msg\nE                   AssertionError: Variable figure(1).axes[0].lines[0]._linestyle has incorrect value\nE                   assert '-.' == '--'\nE                     - --\nE                     + -.\n\ntests\\test_class.py:253: AssertionError"
      },
      "teardown": {
        "duration": 0.0005476000005728565,
        "outcome": "passed",
        "stdout": "teardown_method\n"
      }
    },
    {
      "nodeid": "tests/test_class.py::CodeabilityPythonTest::test_entrypoint[testcases1]",
      "lineno": 159,
      "outcome": "failed",
      "keywords": [
        "test_entrypoint[testcases1]",
        "testcases1",
        "CodeabilityPythonTest",
        "test_class.py",
        "tests/__init__.py",
        "catester"
      ],
      "setup": {
        "duration": 0.0006290000019362196,
        "outcome": "passed",
        "stdout": "setup_method\n"
      },
      "metadata": {
        "main_name": "graphics",
        "main_description": null,
        "sub_name": "figure(1).axes[0].lines[0].get_linestyle()",
        "testtype": "graphics",
        "qualification": "verifyEqual",
        "relative_tolerance": 0,
        "absolute_tolerance": 0,
        "allowed_occuranceRange": null,
        "failure_message": null,
        "success_message": null,
        "verbosity": null,
        "store_graphics_artefacts": true,
        "competency": null
      },
      "call": {
        "duration": 0.0004059000020788517,
        "outcome": "failed",
        "crash": {
          "path": "i:\\PYTHON\\catester\\catester\\tests\\test_class.py",
          "lineno": 253,
          "message": "AssertionError: Variable figure(1).axes[0].lines[0].get_linestyle() has incorrect value\nassert '-.' == '--'\n  - --\n  + -."
        },
        "traceback": [
          {
            "path": "tests\\test_class.py",
            "lineno": 253,
            "message": "AssertionError"
          }
        ],
        "longrepr": "self = <tests.test_class.CodeabilityPythonTest object at 0x000001D286077D00>, monkeymodule = <_pytest.monkeypatch.MonkeyPatch object at 0x000001D289FDB460>\nconfig = {'abs_path_to_yaml': 'i:\\\\PYTHON\\\\catester\\\\examples\\\\ex1', 'specification': CodeAbilitySpecification(testInfo=CodeAbi...ity=None, name='figure(2).axes[0].get_ylabel()', value='y', evalString=None, pattern=None, countRequirement=None)])]))}\ntestcases = (0, 1), json_metadata = {'absolute_tolerance': 0, 'allowed_occuranceRange': None, 'competency': None, 'failure_message': None, ...}\n\n    def test_entrypoint(self, monkeymodule, config, testcases, json_metadata):\n        idx_main, idx_sub = testcases\n    \n        testsuite: CodeAbilityTestSuite = config[\"testsuite\"]\n        specification: CodeAbilitySpecification = config[\"specification\"]\n        abs_path_to_yaml: str = config[\"abs_path_to_yaml\"]\n    \n        main: CodeAbilityTestCollection = testsuite.properties.tests[idx_main]\n        sub: CodeAbilityTest = main.tests[idx_sub]\n    \n        ancestors_sub = [sub, main, testsuite.properties]\n        ancestors_main = [main, testsuite.properties]\n    \n        qualification = get_inherited_property(\"qualification\", ancestors_sub, None)\n        relative_tolerance = get_inherited_property(\"relativeTolerance\", ancestors_sub, 0)\n        absolute_tolerance = get_inherited_property(\"absoluteTolerance\", ancestors_sub, 0)\n        allowed_occuranceRange = get_inherited_property(\"allowedOccuranceRange\", ancestors_sub, None)\n        failure_message = get_inherited_property(\"failureMessage\", ancestors_sub, None)\n        success_message = get_inherited_property(\"successMessage\", ancestors_sub, None)\n        verbosity = get_inherited_property(\"verbosity\", ancestors_sub, None)\n    \n        store_graphics_artefacts = get_inherited_property(\"storeGraphicsArtefacts\", ancestors_main, False)\n        competency = get_inherited_property(\"competency\", ancestors_main, None)\n    \n        testtype = main.type\n        file = main.file\n        id = main.id if main.id is not None else str(idx_main + 1)\n    \n        name = sub.name\n        value = sub.value\n        evalString = sub.evalString\n        pattern = sub.pattern\n        countRequirement = sub.countRequirement\n        #options = sub.options\n        #verificationFunction = sub.verificationFunction\n        #json_metadata['sub'] = sub\n        json_metadata['main_name'] = main.name\n        json_metadata['main_description'] = main.description\n        json_metadata['sub_name'] = name\n        json_metadata['testtype'] = testtype\n        json_metadata['qualification'] = qualification\n        json_metadata['relative_tolerance'] = relative_tolerance\n        json_metadata['absolute_tolerance'] = absolute_tolerance\n        json_metadata['allowed_occuranceRange'] = allowed_occuranceRange\n        json_metadata['failure_message'] = failure_message\n        json_metadata['success_message'] = success_message\n        json_metadata['verbosity'] = verbosity\n        json_metadata['store_graphics_artefacts'] = store_graphics_artefacts\n        json_metadata['competency'] = competency\n    \n        solution_reference = get_solution(monkeymodule, config, id, main, Solution.reference, store_graphics_artefacts)\n        solution_student = get_solution(monkeymodule, config, id, main, Solution.student, store_graphics_artefacts)\n    \n        # if test is graphics => get saved graphics object as solution\n        if testtype == \"graphics\":\n            solution_student = solution_student[\"_graphics_object_\"]\n            solution_reference = solution_reference[\"_graphics_object_\"]\n    \n        if testtype in [\"variable\", \"graphics\", \"error\", \"warning\", \"help\"]:\n            # student value\n            if name in solution_student:\n                val_student = solution_student[name]\n            else:\n                # value not found, try eval\n                try:\n                    val_student = eval(name, solution_student)\n                except Exception as e:\n                    raise AssertionError(f\"Variable {name} not found in student namespace\")\n    \n            if qualification == \"verifyEqual\":\n                # reference value\n                if value is not None:\n                    val_reference = value\n                elif evalString is not None:\n                    try:\n                        val_reference = eval(evalString)\n                    except Exception as e:\n                        pytest.skip(reason=\"Evaluation of 'evalString' not possible\")\n                else:\n                    if name in solution_reference:\n                        val_reference = solution_reference[name]\n                    else:\n                        try:\n                            val_reference = eval(name, solution_reference)\n                        except Exception as e:\n                            raise AssertionError(f\"Variable {name} not found in reference namespace\")\n    \n                type_student = type(val_student)\n                type_reference = type(val_reference)\n                assert type_student == type_reference, f\"Variable {name} has incorrect type, expected: {type_reference}, obtained {type_student}\"\n    \n                failure_msg = f\"Variable {name} has incorrect value\"\n                if isinstance(val_student, (str, set, frozenset)):\n>                   assert val_student == val_reference, failure_msg\nE                   AssertionError: Variable figure(1).axes[0].lines[0].get_linestyle() has incorrect value\nE                   assert '-.' == '--'\nE                     - --\nE                     + -.\n\ntests\\test_class.py:253: AssertionError"
      },
      "teardown": {
        "duration": 0.000703800000337651,
        "outcome": "passed",
        "stdout": "teardown_method\n"
      }
    },
    {
      "nodeid": "tests/test_class.py::CodeabilityPythonTest::test_entrypoint[testcases2]",
      "lineno": 159,
      "outcome": "passed",
      "keywords": [
        "test_entrypoint[testcases2]",
        "testcases2",
        "CodeabilityPythonTest",
        "test_class.py",
        "tests/__init__.py",
        "catester"
      ],
      "setup": {
        "duration": 0.0009419000016350765,
        "outcome": "passed",
        "stdout": "setup_method\n"
      },
      "metadata": {
        "main_name": "graphics",
        "main_description": null,
        "sub_name": "figure(1).axes[0].get_xlabel()",
        "testtype": "graphics",
        "qualification": "startsWith",
        "relative_tolerance": 0,
        "absolute_tolerance": 0,
        "allowed_occuranceRange": null,
        "failure_message": null,
        "success_message": null,
        "verbosity": null,
        "store_graphics_artefacts": true,
        "competency": null
      },
      "call": {
        "duration": 0.0003042999996978324,
        "outcome": "passed"
      },
      "teardown": {
        "duration": 0.00041090000013355166,
        "outcome": "passed",
        "stdout": "teardown_method\n"
      }
    },
    {
      "nodeid": "tests/test_class.py::CodeabilityPythonTest::test_entrypoint[testcases3]",
      "lineno": 159,
      "outcome": "passed",
      "keywords": [
        "test_entrypoint[testcases3]",
        "testcases3",
        "CodeabilityPythonTest",
        "test_class.py",
        "tests/__init__.py",
        "catester"
      ],
      "setup": {
        "duration": 0.0005911999978707172,
        "outcome": "passed",
        "stdout": "setup_method\n"
      },
      "metadata": {
        "main_name": "graphics",
        "main_description": null,
        "sub_name": "figure(2).axes[0].get_ylabel()",
        "testtype": "graphics",
        "qualification": "verifyEqual",
        "relative_tolerance": 0,
        "absolute_tolerance": 0,
        "allowed_occuranceRange": null,
        "failure_message": null,
        "success_message": null,
        "verbosity": null,
        "store_graphics_artefacts": true,
        "competency": null
      },
      "call": {
        "duration": 0.00028329999986453913,
        "outcome": "passed"
      },
      "teardown": {
        "duration": 0.0005425999988801777,
        "outcome": "passed",
        "stdout": "teardown_method\nteardown\nteardown_class\n"
      }
    }
  ],
  "_duration": 1.608290195465088,
  "_metadata": {
    "Python": "3.10.11",
    "Platform": "Windows-10-10.0.19045-SP0",
    "Packages": {
      "pytest": "7.4.3",
      "pluggy": "1.3.0"
    },
    "Plugins": {
      "json-report": "1.5.0",
      "metadata": "3.0.0"
    },
    "specyamlfile": "i:\\PYTHON\\catester\\examples\\ex1\\specification.yaml",
    "testyamlfile": "i:\\PYTHON\\catester\\examples\\ex1\\test5.yaml"
  },
  "_timestamp": "2024-01-08 16:40:15.962836",
  "_type": "python",
  "_version": "1.0",
  "_name": "Python Test suite",
  "_status": "COMPLETED",
  "_result": "ExitCode.TESTS_FAILED",
  "_tests": [
    {
      "name": "graphics",
      "variable": "figure(1).axes[0].lines[0]._linestyle",
      "status": "COMPLETED",
      "result": "FAILED",
      "details": null
    },
    {
      "name": "graphics",
      "variable": "figure(1).axes[0].lines[0].get_linestyle()",
      "status": "COMPLETED",
      "result": "FAILED",
      "details": null
    },
    {
      "name": "graphics",
      "variable": "figure(1).axes[0].get_xlabel()",
      "status": "COMPLETED",
      "result": "PASSED",
      "details": null
    },
    {
      "name": "graphics",
      "variable": "figure(2).axes[0].get_ylabel()",
      "status": "COMPLETED",
      "result": "PASSED",
      "details": null
    }
  ]
}