{
  "timestamp": "2024-02-08 22:29:52.675537",
  "type": "python",
  "version": "1.0",
  "name": "Python Test Suite",
  "description": "Checks subtests and graphics",
  "status": "COMPLETED",
  "result": "FAILED",
  "statusMessage": null,
  "resultMessage": "Some or all tests failed",
  "details": null,
  "duration": 0.8574554920196533,
  "executionDuration": 0.0,
  "environment": {
    "Python": "3.10.11",
    "Platform": "Windows-10-10.0.19045-SP0",
    "Packages": {
      "pytest": "7.4.3",
      "pluggy": "1.3.0"
    },
    "Plugins": {
      "metadata": "3.0.0"
    }
  },
  "properties": {
    "test": "i:\\PYTHON\\catester\\ex_master\\ex1\\localTests\\_emptySolution\\test.yaml",
    "specification": "i:\\PYTHON\\catester\\ex_master\\ex1\\specification.yaml"
  },
  "debug": {
    "executionDurationStudent": 0.0,
    "executionDurationReference": 0.015697002410888672
  },
  "exitcode": "ExitCode.TESTS_FAILED",
  "summary": {
    "total": 1,
    "success": 0,
    "failed": 1,
    "skipped": 0
  },
  "tests": [
    {
      "type": "variable",
      "name": "var test",
      "description": null,
      "setup": null,
      "teardown": null,
      "status": "FAILED",
      "result": "FAILED",
      "statusMessage": null,
      "resultMessage": null,
      "details": null,
      "debug": {
        "executionDurationStudent": 0,
        "executionDurationReference": 0.015697002410888672,
        "traceback": {}
      },
      "duration": 0.8510425090789795,
      "executionDuration": 0,
      "summary": {
        "total": 2,
        "success": 0,
        "failed": 2,
        "skipped": 0
      },
      "tests": [
        {
          "name": "var1",
          "result": "FAILED",
          "resultMessage": null,
          "details": null,
          "debug": {
            "longrepr": "E   Failed: entryPoint ex1.py not found",
            "timestamp": 1707427793.5377622
          }
        },
        {
          "name": "var2",
          "result": "FAILED",
          "resultMessage": null,
          "details": null,
          "debug": {
            "longrepr": "E   Failed: entryPoint ex1.py not found",
            "timestamp": 1707427793.5377622
          }
        }
      ]
    }
  ]
}