{
  "timestamp": "2024-01-24 15:04:27.072534",
  "type": "python",
  "version": "1.0",
  "name": "Python Test Suite",
  "description": "Checks subtests and graphics",
  "status": "COMPLETED",
  "result": "FAILED",
  "resultMessage": "Some or all tests failed",
  "details": null,
  "duration": 0.7696430683135986,
  "executionDurationReference": 0.0,
  "executionDurationStudent": 0.0,
  "environment": {
    "Python": "3.10.11",
    "Platform": "Windows-10-10.0.19045-SP0",
    "Packages": {
      "pytest": "7.4.3",
      "pluggy": "1.3.0"
    },
    "Plugins": {
      "metadata": "3.0.0"
    }
  },
  "properties": null,
  "debug": null,
  "exitcode": "ExitCode.TESTS_FAILED",
  "summary": {
    "total": 3,
    "success": 1,
    "failed": 1,
    "skipped": 1,
    "timedout": 0
  },
  "tests": [
    {
      "type": "variable",
      "name": "Variables 1",
      "description": null,
      "setup": [
        "var1=1"
      ],
      "teardown": null,
      "status": "COMPLETED",
      "result": "FAILED",
      "resultMessage": null,
      "details": null,
      "executionDurationReference": 0.0,
      "executionDurationStudent": 0.0,
      "summary": {
        "total": 2,
        "success": 1,
        "failed": 1,
        "skipped": 0,
        "timedout": 0
      },
      "tests": [
        {
          "name": "var1",
          "status": "COMPLETED",
          "result": "PASSED",
          "resultMessage": "fbvgdfbvdf",
          "details": null,
          "longrepr": null
        },
        {
          "name": "var2",
          "status": "COMPLETED",
          "result": "FAILED",
          "resultMessage": null,
          "details": null,
          "longrepr": "E   NameError: name 'var2' is not defined"
        }
      ]
    },
    {
      "type": "variable",
      "name": "Variables 2",
      "description": null,
      "setup": null,
      "teardown": null,
      "status": "COMPLETED",
      "result": "SKIPPED",
      "resultMessage": "Tests skipped",
      "details": null,
      "executionDurationReference": 0.0,
      "executionDurationStudent": 0.0,
      "summary": {
        "total": 1,
        "success": 0,
        "failed": 0,
        "skipped": 1,
        "timedout": 0
      },
      "tests": [
        {
          "name": "var1",
          "status": "COMPLETED",
          "result": "SKIPPED",
          "resultMessage": "Test skipped",
          "details": null,
          "longrepr": [
            "i:\\PYTHON\\catester\\catester\\tests\\test_class.py",
            178,
            "Skipped: Dependency ['1'] not satisfied"
          ]
        }
      ]
    },
    {
      "type": "variable",
      "name": "Variables 3",
      "description": null,
      "setup": null,
      "teardown": null,
      "status": "COMPLETED",
      "result": "PASSED",
      "resultMessage": null,
      "details": null,
      "executionDurationReference": 0.0,
      "executionDurationStudent": 0.0,
      "summary": {
        "total": 1,
        "success": 1,
        "failed": 0,
        "skipped": 0,
        "timedout": 0
      },
      "tests": [
        {
          "name": "var1",
          "status": "COMPLETED",
          "result": "PASSED",
          "resultMessage": null,
          "details": null,
          "longrepr": null
        }
      ]
    }
  ]
}