{
  "timestamp": "2024-02-02 13:04:10.650365",
  "type": "Python",
  "version": "1.0",
  "name": "Python Test suite",
  "description": "Checks variables",
  "status": "COMPLETED",
  "result": "FAILED",
  "statusMessage": null,
  "resultMessage": "Tests failed",
  "details": {
    "executionDurationReference": 0.0,
    "executionDurationStudent": 0.0
  },
  "duration": 0.7600686550140381,
  "executionDuration": 0.0,
  "environment": {
    "Python": "3.10.11",
    "Platform": "Windows-10-10.0.19045-SP0",
    "Packages": {
      "pytest": "7.4.3",
      "pluggy": "1.3.0"
    },
    "Plugins": {
      "metadata": "3.0.0"
    }
  },
  "properties": null,
  "debug": null,
  "exitcode": "ExitCode.TESTS_FAILED",
  "summary": {
    "total": 1,
    "success": 0,
    "failed": 1,
    "skipped": 0
  },
  "tests": [
    {
      "type": "variable",
      "name": "Test 1",
      "description": null,
      "setup": null,
      "teardown": null,
      "status": "COMPLETED",
      "result": "FAILED",
      "statusMessage": null,
      "resultMessage": null,
      "details": {
        "executionDurationReference": 0.0,
        "executionDurationStudent": 0.0
      },
      "duration": 0.0,
      "executionDuration": 0.0,
      "summary": {
        "total": 2,
        "success": 0,
        "failed": 2,
        "skipped": 0
      },
      "tests": [
        {
          "name": "var1",
          "status": "COMPLETED",
          "result": "FAILED",
          "resultMessage": null,
          "details": {
            "longrepr": "E   FileNotFoundError: entryPoint ex1.py not found",
            "timestamp": 1706875451.4270895
          }
        },
        {
          "name": "var2",
          "status": "COMPLETED",
          "result": "FAILED",
          "resultMessage": null,
          "details": {
            "longrepr": "E   FileNotFoundError: entryPoint ex1.py not found",
            "timestamp": 1706875451.4270895
          }
        }
      ]
    }
  ]
}